Vivado Simulator v2025.2
Copyright 1986-2022 Xilinx, Inc. All Rights Reserved.
Copyright 2022-2025 Advanced Micro Devices, Inc. All Rights Reserved.
Running: /home/polar_bear/Vivado/2025.2/Vivado/bin/unwrapped/lnx64.o/xelab --incr --debug typical --relax --mt 8 -L xil_defaultlib -L unisims_ver -L unimacro_ver -L secureip --snapshot uart_tb_behav xil_defaultlib.uart_tb xil_defaultlib.glbl -log elaborate.log 
Using 8 slave threads.
WARNING: [XSIM 43-3431] One or more environment variables have been detected which affect the operation of the C compiler. These are typically not set in standard installations and are not tested by AMD, however they may be appropriate for your system, so the flow will attempt to continue.  If errors occur, try running xelab with the "-mt off -v 1" switches to see more information from the C compiler. The following environment variables have been detected:
Starting static elaboration
Pass Through NonSizing Optimizer
WARNING: [VRFC 10-2861] module 'uart_top' does not have a parameter named clk_freq [/home/polar_bear/Desktop/vlsi_portfolio/peripheral_communication_protocols/peripheral_communication_protocols.srcs/sim_1/new/uart_tb.v:42]
WARNING: [VRFC 10-2861] module 'uart_top' does not have a parameter named baud_rate [/home/polar_bear/Desktop/vlsi_portfolio/peripheral_communication_protocols/peripheral_communication_protocols.srcs/sim_1/new/uart_tb.v:43]
Completed static elaboration
Starting simulation data flow analysis
WARNING: [XSIM 43-4099] "/home/polar_bear/Desktop/vlsi_portfolio/peripheral_communication_protocols/peripheral_communication_protocols.srcs/sources_1/new/uart_top.v" Line 1. Module uart_top doesn't have a timescale but at least one module in design has a timescale.
WARNING: [XSIM 43-4099] "/home/polar_bear/Desktop/vlsi_portfolio/peripheral_communication_protocols/peripheral_communication_protocols.srcs/sources_1/new/uart_tx.v" Line 1. Module uarttx_default doesn't have a timescale but at least one module in design has a timescale.
WARNING: [XSIM 43-4099] "/home/polar_bear/Desktop/vlsi_portfolio/peripheral_communication_protocols/peripheral_communication_protocols.srcs/sources_1/new/uart_rx.v" Line 1. Module uartrx_default doesn't have a timescale but at least one module in design has a timescale.
Completed simulation data flow analysis
Time Resolution for simulation is 1ps
Compiling module xil_defaultlib.uarttx_default
Compiling module xil_defaultlib.uartrx_default
Compiling module xil_defaultlib.uart_top
Compiling module xil_defaultlib.uart_tb
Compiling module xil_defaultlib.glbl
Built simulation snapshot uart_tb_behav
